<?xml version="1.0" encoding="UTF-8"?>
<!-- Generated by org.testng.reporters.JUnitXMLReporter -->
<testsuite ignored="3" hostname="DESKTOP-8NB2QI4" failures="0" tests="2" name="Test" time="11.72" errors="0" timestamp="2024-04-15T20:08:43 IST">
  <testcase classname="login.LoginFunctionality" name="loginwithvalusrvalpswd" time="6.688"/>
  <testcase classname="login.LoginFunctionality" name="loginwithinvusrinvpswd" time="5.0"/>
  <testcase classname="login.LoginFunctionality" name="cassnvtyvrfwithlgncredFf" time="0.0">
    <ignored/>
  </testcase> <!-- cassnvtyvrfwithlgncredFf -->
  <testcase classname="login.LoginFunctionality" name="cassnvtyvrfwithlgncred" time="0.0">
    <ignored/>
  </testcase> <!-- cassnvtyvrfwithlgncred -->
  <testcase classname="login.LoginFunctionality" name="cassnvtyvrfwithlgncredEb" time="0.0">
    <ignored/>
  </testcase> <!-- cassnvtyvrfwithlgncredEb -->
</testsuite> <!-- Test -->
