<?xml version="1.0" encoding="UTF-8"?>
<testng-results ignored="0" total="13" passed="12" failed="1" skipped="0">
  <reporter-output>
  </reporter-output>
  <suite started-at="2024-04-16T02:02:07 IST" name="Suite" finished-at="2024-04-16T02:03:56 IST" duration-ms="109431">
    <groups>
    </groups>
    <test started-at="2024-04-16T02:02:07 IST" name="Test" finished-at="2024-04-16T02:03:56 IST" duration-ms="109431">
      <class name="login.UserRegFunct">
        <test-method signature="regfailduetusralrdyexst()[pri:0, instance:login.UserRegFunct@3c7f66c4]" started-at="2024-04-16T02:02:07 IST" name="regfailduetusralrdyexst" finished-at="2024-04-16T02:02:19 IST" duration-ms="12578" status="PASS">
          <reporter-output>
          </reporter-output>
        </test-method> <!-- regfailduetusralrdyexst -->
        <test-method signature="regfailsdu2invemail()[pri:0, instance:login.UserRegFunct@3c7f66c4]" started-at="2024-04-16T02:02:19 IST" name="regfailsdu2invemail" finished-at="2024-04-16T02:02:31 IST" duration-ms="11243" status="PASS">
          <reporter-output>
          </reporter-output>
        </test-method> <!-- regfailsdu2invemail -->
        <test-method signature="regfailsduetomincharatpswd()[pri:0, instance:login.UserRegFunct@3c7f66c4]" started-at="2024-04-16T02:02:31 IST" name="regfailsduetomincharatpswd" finished-at="2024-04-16T02:02:42 IST" duration-ms="11520" status="PASS">
          <reporter-output>
          </reporter-output>
        </test-method> <!-- regfailsduetomincharatpswd -->
        <test-method signature="splcharinnamefldregfails()[pri:0, instance:login.UserRegFunct@3c7f66c4]" started-at="2024-04-16T02:02:42 IST" name="splcharinnamefldregfails" finished-at="2024-04-16T02:02:53 IST" duration-ms="10523" status="PASS">
          <reporter-output>
          </reporter-output>
        </test-method> <!-- splcharinnamefldregfails -->
        <test-method signature="succregwithalfld()[pri:0, instance:login.UserRegFunct@3c7f66c4]" started-at="2024-04-16T02:02:53 IST" name="succregwithalfld" finished-at="2024-04-16T02:03:04 IST" duration-ms="10878" status="PASS">
          <reporter-output>
          </reporter-output>
        </test-method> <!-- succregwithalfld -->
      </class> <!-- login.UserRegFunct -->
      <class name="login.LoginFunctionality">
        <test-method signature="loginwithvalusrvalpswd()[pri:0, instance:login.LoginFunctionality@61001b64]" started-at="2024-04-16T02:03:04 IST" name="loginwithvalusrvalpswd" finished-at="2024-04-16T02:03:09 IST" duration-ms="5402" status="PASS">
          <reporter-output>
          </reporter-output>
        </test-method> <!-- loginwithvalusrvalpswd -->
        <test-method signature="cassnvtyvrfwithlgncredEb()[pri:1, instance:login.LoginFunctionality@61001b64]" started-at="2024-04-16T02:03:09 IST" name="cassnvtyvrfwithlgncredEb" finished-at="2024-04-16T02:03:18 IST" duration-ms="9433" status="PASS">
          <reporter-output>
          </reporter-output>
        </test-method> <!-- cassnvtyvrfwithlgncredEb -->
        <test-method signature="cassnvtyvrfwithlgncred()[pri:2, instance:login.LoginFunctionality@61001b64]" started-at="2024-04-16T02:03:18 IST" name="cassnvtyvrfwithlgncred" finished-at="2024-04-16T02:03:25 IST" duration-ms="6229" status="PASS">
          <reporter-output>
          </reporter-output>
        </test-method> <!-- cassnvtyvrfwithlgncred -->
        <test-method signature="loginwithinvusrinvpswd()[pri:3, instance:login.LoginFunctionality@61001b64]" started-at="2024-04-16T02:03:25 IST" name="loginwithinvusrinvpswd" finished-at="2024-04-16T02:03:31 IST" duration-ms="5854" status="PASS">
          <reporter-output>
          </reporter-output>
        </test-method> <!-- loginwithinvusrinvpswd -->
        <test-method signature="cassnvtyvrfwithlgncredFf()[pri:4, instance:login.LoginFunctionality@61001b64]" started-at="2024-04-16T02:03:31 IST" name="cassnvtyvrfwithlgncredFf" finished-at="2024-04-16T02:03:36 IST" duration-ms="5458" status="FAIL">
          <exception class="org.openqa.selenium.NoSuchElementException">
            <message>
              <![CDATA[Unable to locate element: #login\-email
For documentation on this error, please visit: https://www.selenium.dev/documentation/webdriver/troubleshooting/errors#no-such-element-exception
Build info: version: '4.12.1', revision: '8e34639b11'
System info: os.name: 'Windows 11', os.arch: 'amd64', os.version: '10.0', java.version: '17.0.5'
Driver info: org.openqa.selenium.firefox.FirefoxDriver
Command: [b7889718-dd67-4d17-b6ea-4692a4fafd06, findElement {using=id, value=login-email}]
Capabilities {acceptInsecureCerts: true, browserName: firefox, browserVersion: 124.0.2, moz:accessibilityChecks: false, moz:buildID: 20240401114208, moz:debuggerAddress: 127.0.0.1:22448, moz:geckodriverVersion: 0.34.0, moz:headless: false, moz:platformVersion: 10.0, moz:processID: 13396, moz:profile: C:\Users\P BASKER\AppData\L..., moz:shutdownTimeout: 60000, moz:webdriverClick: true, moz:windowless: false, pageLoadStrategy: normal, platformName: windows, proxy: Proxy(), se:cdp: ws://127.0.0.1:22448/devtoo..., se:cdpVersion: 85.0, setWindowRect: true, strictFileInteractability: false, timeouts: {implicit: 0, pageLoad: 300000, script: 30000}, unhandledPromptBehavior: dismiss and notify}
Session ID: b7889718-dd67-4d17-b6ea-4692a4fafd06]]>
            </message>
            <full-stacktrace>
              <![CDATA[org.openqa.selenium.NoSuchElementException: Unable to locate element: #login\-email
For documentation on this error, please visit: https://www.selenium.dev/documentation/webdriver/troubleshooting/errors#no-such-element-exception
Build info: version: '4.12.1', revision: '8e34639b11'
System info: os.name: 'Windows 11', os.arch: 'amd64', os.version: '10.0', java.version: '17.0.5'
Driver info: org.openqa.selenium.firefox.FirefoxDriver
Command: [b7889718-dd67-4d17-b6ea-4692a4fafd06, findElement {using=id, value=login-email}]
Capabilities {acceptInsecureCerts: true, browserName: firefox, browserVersion: 124.0.2, moz:accessibilityChecks: false, moz:buildID: 20240401114208, moz:debuggerAddress: 127.0.0.1:22448, moz:geckodriverVersion: 0.34.0, moz:headless: false, moz:platformVersion: 10.0, moz:processID: 13396, moz:profile: C:\Users\P BASKER\AppData\L..., moz:shutdownTimeout: 60000, moz:webdriverClick: true, moz:windowless: false, pageLoadStrategy: normal, platformName: windows, proxy: Proxy(), se:cdp: ws://127.0.0.1:22448/devtoo..., se:cdpVersion: 85.0, setWindowRect: true, strictFileInteractability: false, timeouts: {implicit: 0, pageLoad: 300000, script: 30000}, unhandledPromptBehavior: dismiss and notify}
Session ID: b7889718-dd67-4d17-b6ea-4692a4fafd06
at java.base/jdk.internal.reflect.NativeConstructorAccessorImpl.newInstance0(Native Method)
at java.base/jdk.internal.reflect.NativeConstructorAccessorImpl.newInstance(NativeConstructorAccessorImpl.java:77)
at java.base/jdk.internal.reflect.DelegatingConstructorAccessorImpl.newInstance(DelegatingConstructorAccessorImpl.java:45)
at java.base/java.lang.reflect.Constructor.newInstanceWithCaller(Constructor.java:499)
at java.base/java.lang.reflect.Constructor.newInstance(Constructor.java:480)
at org.openqa.selenium.remote.codec.w3c.W3CHttpResponseCodec.createException(W3CHttpResponseCodec.java:200)
at org.openqa.selenium.remote.codec.w3c.W3CHttpResponseCodec.decode(W3CHttpResponseCodec.java:133)
at org.openqa.selenium.remote.codec.w3c.W3CHttpResponseCodec.decode(W3CHttpResponseCodec.java:52)
at org.openqa.selenium.remote.HttpCommandExecutor.execute(HttpCommandExecutor.java:191)
at org.openqa.selenium.remote.service.DriverCommandExecutor.invokeExecute(DriverCommandExecutor.java:196)
at org.openqa.selenium.remote.service.DriverCommandExecutor.execute(DriverCommandExecutor.java:171)
at org.openqa.selenium.remote.RemoteWebDriver.execute(RemoteWebDriver.java:602)
at org.openqa.selenium.remote.ElementLocation$ElementFinder$2.findElement(ElementLocation.java:165)
at org.openqa.selenium.remote.ElementLocation.findElement(ElementLocation.java:66)
at org.openqa.selenium.remote.RemoteWebDriver.findElement(RemoteWebDriver.java:359)
at org.openqa.selenium.remote.RemoteWebDriver.findElement(RemoteWebDriver.java:353)
at login.LoginFunctionality.cassnvtyvrfwithlgncredFf(LoginFunctionality.java:114)
at java.base/jdk.internal.reflect.NativeMethodAccessorImpl.invoke0(Native Method)
at java.base/jdk.internal.reflect.NativeMethodAccessorImpl.invoke(NativeMethodAccessorImpl.java:77)
at java.base/jdk.internal.reflect.DelegatingMethodAccessorImpl.invoke(DelegatingMethodAccessorImpl.java:43)
at java.base/java.lang.reflect.Method.invoke(Method.java:568)
at org.testng.internal.MethodInvocationHelper.invokeMethod(MethodInvocationHelper.java:133)
at org.testng.internal.TestInvoker.invokeMethod(TestInvoker.java:598)
at org.testng.internal.TestInvoker.invokeTestMethod(TestInvoker.java:173)
at org.testng.internal.MethodRunner.runInSequence(MethodRunner.java:46)
at org.testng.internal.TestInvoker$MethodInvocationAgent.invoke(TestInvoker.java:824)
at org.testng.internal.TestInvoker.invokeTestMethods(TestInvoker.java:146)
at org.testng.internal.TestMethodWorker.invokeTestMethods(TestMethodWorker.java:146)
at org.testng.internal.TestMethodWorker.run(TestMethodWorker.java:128)
at java.base/java.util.ArrayList.forEach(ArrayList.java:1511)
at org.testng.TestRunner.privateRun(TestRunner.java:794)
at org.testng.TestRunner.run(TestRunner.java:596)
at org.testng.SuiteRunner.runTest(SuiteRunner.java:377)
at org.testng.SuiteRunner.runSequentially(SuiteRunner.java:371)
at org.testng.SuiteRunner.privateRun(SuiteRunner.java:332)
at org.testng.SuiteRunner.run(SuiteRunner.java:276)
at org.testng.SuiteRunnerWorker.runSuite(SuiteRunnerWorker.java:53)
at org.testng.SuiteRunnerWorker.run(SuiteRunnerWorker.java:96)
at org.testng.TestNG.runSuitesSequentially(TestNG.java:1212)
at org.testng.TestNG.runSuitesLocally(TestNG.java:1134)
at org.testng.TestNG.runSuites(TestNG.java:1063)
at org.testng.TestNG.run(TestNG.java:1031)
at org.testng.remote.AbstractRemoteTestNG.run(AbstractRemoteTestNG.java:115)
at org.testng.remote.RemoteTestNG.initAndRun(RemoteTestNG.java:251)
at org.testng.remote.RemoteTestNG.main(RemoteTestNG.java:77)
]]>
            </full-stacktrace>
          </exception> <!-- org.openqa.selenium.NoSuchElementException -->
          <reporter-output>
          </reporter-output>
        </test-method> <!-- cassnvtyvrfwithlgncredFf -->
        <test-method signature="loginwithsplcharinusrpswd()[pri:5, instance:login.LoginFunctionality@61001b64]" started-at="2024-04-16T02:03:36 IST" name="loginwithsplcharinusrpswd" finished-at="2024-04-16T02:03:44 IST" duration-ms="8147" status="PASS">
          <reporter-output>
          </reporter-output>
        </test-method> <!-- loginwithsplcharinusrpswd -->
      </class> <!-- login.LoginFunctionality -->
      <class name="login.Forgetpswdfunctionality">
        <test-method signature="rstpswdwithregemail()[pri:0, instance:login.Forgetpswdfunctionality@4310d43]" started-at="2024-04-16T02:03:44 IST" name="rstpswdwithregemail" finished-at="2024-04-16T02:03:51 IST" duration-ms="6823" status="PASS">
          <reporter-output>
          </reporter-output>
        </test-method> <!-- rstpswdwithregemail -->
        <test-method signature="rstpswdwithunregemail()[pri:0, instance:login.Forgetpswdfunctionality@4310d43]" started-at="2024-04-16T02:03:51 IST" name="rstpswdwithunregemail" finished-at="2024-04-16T02:03:56 IST" duration-ms="5262" status="PASS">
          <reporter-output>
          </reporter-output>
        </test-method> <!-- rstpswdwithunregemail -->
      </class> <!-- login.Forgetpswdfunctionality -->
    </test> <!-- Test -->
  </suite> <!-- Suite -->
</testng-results>
